<?xml version="1.0" encoding="UTF-8"?>
<testng-results ignored="0" total="1" passed="1" failed="0" skipped="0">
  <reporter-output>
  </reporter-output>
  <suite started-at="2023-01-04T00:16:23 IST" name="Suite" finished-at="2023-01-04T00:16:50 IST" duration-ms="26412">
    <groups>
    </groups>
    <test started-at="2023-01-04T00:16:23 IST" name="Test" finished-at="2023-01-04T00:16:50 IST" duration-ms="26412">
      <class name="test.fer_test">
        <test-method is-config="true" signature="lunchBrowser(java.lang.String)[pri:0, instance:test.fer_test@4f18837a]" started-at="2023-01-04T00:16:24 IST" name="lunchBrowser" finished-at="2023-01-04T00:16:29 IST" duration-ms="5039" status="PASS">
          <params>
            <param index="0">
              <value>
                <![CDATA[chrome]]>
              </value>
            </param>
          </params>
          <reporter-output>
          </reporter-output>
        </test-method> <!-- lunchBrowser -->
        <test-method is-config="true" signature="verifyFERpage()[pri:0, instance:test.fer_test@4f18837a]" started-at="2023-01-04T00:16:29 IST" name="verifyFERpage" finished-at="2023-01-04T00:16:39 IST" duration-ms="10860" status="PASS">
          <reporter-output>
          </reporter-output>
        </test-method> <!-- verifyFERpage -->
        <test-method signature="verifyFerliniFocusStiamo()[pri:0, instance:test.fer_test@4f18837a]" started-at="2023-01-04T00:16:39 IST" name="verifyFerliniFocusStiamo" finished-at="2023-01-04T00:16:50 IST" duration-ms="10108" status="PASS">
          <reporter-output>
          </reporter-output>
        </test-method> <!-- verifyFerliniFocusStiamo -->
        <test-method is-config="true" signature="close()[pri:0, instance:test.fer_test@4f18837a]" started-at="2023-01-04T00:16:50 IST" name="close" finished-at="2023-01-04T00:16:50 IST" duration-ms="321" status="PASS">
          <reporter-output>
          </reporter-output>
        </test-method> <!-- close -->
      </class> <!-- test.fer_test -->
    </test> <!-- Test -->
  </suite> <!-- Suite -->
</testng-results>
